-------------------------------------------------------------------------------
Test set: com.epsilon.junit5demo.AppTest
-------------------------------------------------------------------------------
Tests run: 1, Failures: 1, Errors: 0, Skipped: 0, Time elapsed: 0.034 s <<< FAILURE! - in com.epsilon.junit5demo.AppTest
com.epsilon.junit5demo.AppTest.test  Time elapsed: 0.018 s  <<< FAILURE!
org.opentest4j.AssertionFailedError: Not implemented test 
	at com.epsilon.junit5demo.AppTest.test(AppTest.java:11)

