<?xml version="1.0" encoding="UTF-8"?>
<testsuite xmlns:xsi="http://www.w3.org/2001/XMLSchema-instance" xsi:noNamespaceSchemaLocation="https://maven.apache.org/surefire/maven-surefire-plugin/xsd/surefire-test-report-3.0.xsd" version="3.0" name="com.epsilon.junit5demo.StringUnitTest" time="0.056" tests="6" errors="0" skipped="0" failures="0">
  <properties>
[...]
</properties>
  <testcase name="string_test_five" classname="com.epsilon.junit5demo.StringUnitTest" time="0.019">
    <system-out><![CDATA[Before All 
Before Each This is test for String Five
After Each
]]></system-out>
  </testcase>
  <testcase name="string_test_four" classname="com.epsilon.junit5demo.StringUnitTest" time="0.002">
    <system-out><![CDATA[Before Each This is test for String four
After Each
]]></system-out>
  </testcase>
  <testcase name="string_test_one" classname="com.epsilon.junit5demo.StringUnitTest" time="0.002">
    <system-out><![CDATA[Before Each This is test for String one
After Each
]]></system-out>
  </testcase>
  <testcase name="string_test_six" classname="com.epsilon.junit5demo.StringUnitTest" time="0.003">
    <system-out><![CDATA[Before Each This is test for String sex
After Each
]]></system-out>
  </testcase>
  <testcase name="string_test_two" classname="com.epsilon.junit5demo.StringUnitTest" time="0.002">
    <system-out><![CDATA[Before Each This is test for String two
After Each
]]></system-out>
  </testcase>
  <testcase name="string_test_three" classname="com.epsilon.junit5demo.StringUnitTest" time="0.002">
    <system-out><![CDATA[Before Each This is test for String three
After Each
]]></system-out>
  </testcase>
</testsuite>